<?xml version="1.0" encoding="utf-8"?><testsuites name="pytest tests"><testsuite name="pytest" errors="0" failures="0" skipped="0" tests="18" time="1.453" timestamp="2026-06-07T10:10:14.017434+00:00" hostname="agent-env-f43aa4b3-35a2-4996-a90a-cbc61d745958"><testcase classname="backend.tests.test_pubs_api" name="test_root" time="0.249" /><testcase classname="backend.tests.test_pubs_api" name="test_list_pubs_all" time="0.064" /><testcase classname="backend.tests.test_pubs_api" name="test_list_pubs_by_district" time="0.051" /><testcase classname="backend.tests.test_pubs_api" name="test_list_pubs_by_beer" time="0.050" /><testcase classname="backend.tests.test_pubs_api" name="test_list_pubs_by_q" time="0.050" /><testcase classname="backend.tests.test_pubs_api" name="test_list_pubs_sort_rating" time="0.053" /><testcase classname="backend.tests.test_pubs_api" name="test_random_pub" time="0.053" /><testcase classname="backend.tests.test_pubs_api" name="test_random_pub_district" time="0.050" /><testcase classname="backend.tests.test_pubs_api" name="test_featured" time="0.052" /><testcase classname="backend.tests.test_pubs_api" name="test_nearest" time="0.052" /><testcase classname="backend.tests.test_pubs_api" name="test_pub_by_id" time="0.051" /><testcase classname="backend.tests.test_pubs_api" name="test_pub_404" time="0.064" /><testcase classname="backend.tests.test_pubs_api" name="test_districts" time="0.052" /><testcase classname="backend.tests.test_pubs_api" name="test_beers" time="0.052" /><testcase classname="backend.tests.test_pubs_api" name="test_stats" time="0.054" /><testcase classname="backend.tests.test_pubs_api" name="test_review_create_and_fetch" time="0.151" /><testcase classname="backend.tests.test_pubs_api" name="test_review_invalid_pub" time="0.048" /><testcase classname="backend.tests.test_pubs_api" name="test_review_score_validation" time="0.097" /></testsuite></testsuites>